Build started 12/2/2014 5:48:33 PM.
     1>Project "C:\Users\jared.ramey\Documents\GitHub\extraFilesAndSuch\Stacks\Stacks\Stacks.vcxproj" on node 2 (Build target(s)).
     1>ClCompile:
         C:\Program Files (x86)\Microsoft Visual Studio 12.0\VC\bin\CL.exe /c /ZI /nologo /W3 /WX- /sdl /Od /Oy- /D WIN32 /D _DEBUG /D _CONSOLE /D _LIB /D _UNICODE /D UNICODE /Gm /EHsc /RTC1 /MDd /GS /fp:precise /Zc:wchar_t /Zc:forScope /Fo"Debug\\" /Fd"Debug\vc120.pdb" /Gd /TP /analyze- /errorReport:prompt Main.cpp Stack.cpp
         Stack.cpp
         Main.cpp
         Generating Code...
       Link:
         C:\Program Files (x86)\Microsoft Visual Studio 12.0\VC\bin\link.exe /ERRORREPORT:PROMPT /OUT:"C:\Users\jared.ramey\Documents\GitHub\extraFilesAndSuch\Stacks\Debug\Stacks.exe" /INCREMENTAL /NOLOGO kernel32.lib user32.lib gdi32.lib winspool.lib comdlg32.lib advapi32.lib shell32.lib ole32.lib oleaut32.lib uuid.lib odbc32.lib odbccp32.lib /MANIFEST /MANIFESTUAC:"level='asInvoker' uiAccess='false'" /manifest:embed /DEBUG /PDB:"C:\Users\jared.ramey\Documents\GitHub\extraFilesAndSuch\Stacks\Debug\Stacks.pdb" /SUBSYSTEM:CONSOLE /TLBID:1 /DYNAMICBASE /NXCOMPAT /IMPLIB:"C:\Users\jared.ramey\Documents\GitHub\extraFilesAndSuch\Stacks\Debug\Stacks.lib" /MACHINE:X86 Debug\GameState.obj
         Debug\Main.obj
         Debug\Stack.obj
     1>Main.obj : error LNK2019: unresolved external symbol "public: __thiscall MyStack<class GameState *>::~MyStack<class GameState *>(void)" (??1?$MyStack@PAVGameState@@@@QAE@XZ) referenced in function _main
     1>Main.obj : error LNK2019: unresolved external symbol "public: __thiscall MyStack<class GameState *>::MyStack<class GameState *>(void)" (??0?$MyStack@PAVGameState@@@@QAE@XZ) referenced in function _main
     1>Main.obj : error LNK2019: unresolved external symbol "public: void __thiscall MyStack<class GameState *>::Push(class GameState * &)" (?Push@?$MyStack@PAVGameState@@@@QAEXAAPAVGameState@@@Z) referenced in function _main
     1>C:\Users\jared.ramey\Documents\GitHub\extraFilesAndSuch\Stacks\Debug\Stacks.exe : fatal error LNK1120: 3 unresolved externals
     1>Done Building Project "C:\Users\jared.ramey\Documents\GitHub\extraFilesAndSuch\Stacks\Stacks\Stacks.vcxproj" (Build target(s)) -- FAILED.

Build FAILED.

Time Elapsed 00:00:00.90
